lierda_light/build/outputs/logs/manifest-merger-debug-report.txt
-- Merging decision tree log ---
manifest
ADDED from lierdaProject\lierda_light\AndroidManifest.xml:2:1-61:12
	package
		ADDED from lierdaProject\lierda_light\AndroidManifest.xml:3:5-48
	android:versionName
		ADDED from lierdaProject\lierda_light\AndroidManifest.xml:5:5-30
		INJECTED from lierdaProject\lierda_light\AndroidManifest.xml
		INJECTED from lierdaProject\lierda_light\AndroidManifest.xml
	android:versionCode
		ADDED from lierdaProject\lierda_light\AndroidManifest.xml:4:5-28
		INJECTED from lierdaProject\lierda_light\AndroidManifest.xml
		INJECTED from lierdaProject\lierda_light\AndroidManifest.xml
	xmlns:android
		ADDED from lierdaProject\lierda_light\AndroidManifest.xml:2:11-69
uses-sdk
ADDED from lierdaProject\lierda_light\AndroidManifest.xml:7:5-9:41
MERGED from [lierdaProject:SlidingMenu:unspecified] AndroidManifest.xml:7:5-9:41
	android:targetSdkVersion
		ADDED from lierdaProject\lierda_light\AndroidManifest.xml:9:9-38
	android:minSdkVersion
		ADDED from lierdaProject\lierda_light\AndroidManifest.xml:8:9-35
uses-permission#android.permission.BLUETOOTH
ADDED from lierdaProject\lierda_light\AndroidManifest.xml:11:5-68
	android:name
		ADDED from lierdaProject\lierda_light\AndroidManifest.xml:11:22-65
uses-permission#android.permission.BLUETOOTH_ADMIN
ADDED from lierdaProject\lierda_light\AndroidManifest.xml:12:5-74
	android:name
		ADDED from lierdaProject\lierda_light\AndroidManifest.xml:12:22-71
uses-feature#android.hardware.bluetooth_le
ADDED from lierdaProject\lierda_light\AndroidManifest.xml:14:5-16:35
	android:required
		ADDED from lierdaProject\lierda_light\AndroidManifest.xml:16:9-32
	android:name
		ADDED from lierdaProject\lierda_light\AndroidManifest.xml:15:9-53
application
ADDED from lierdaProject\lierda_light\AndroidManifest.xml:18:5-59:19
	android:label
		ADDED from lierdaProject\lierda_light\AndroidManifest.xml:21:9-41
	android:allowBackup
		ADDED from lierdaProject\lierda_light\AndroidManifest.xml:19:9-35
	android:icon
		ADDED from lierdaProject\lierda_light\AndroidManifest.xml:20:9-45
	android:theme
		ADDED from lierdaProject\lierda_light\AndroidManifest.xml:22:9-68
activity#com.android.hiparker.lierda_light.LaunchActivity
ADDED from lierdaProject\lierda_light\AndroidManifest.xml:23:9-32:20
	android:screenOrientation
		ADDED from lierdaProject\lierda_light\AndroidManifest.xml:25:13-49
	android:theme
		ADDED from lierdaProject\lierda_light\AndroidManifest.xml:26:13-77
	android:name
		ADDED from lierdaProject\lierda_light\AndroidManifest.xml:24:13-43
intent-filter#android.intent.action.MAIN+android.intent.category.LAUNCHER
ADDED from lierdaProject\lierda_light\AndroidManifest.xml:27:13-31:29
action#android.intent.action.MAIN
ADDED from lierdaProject\lierda_light\AndroidManifest.xml:28:17-69
	android:name
		ADDED from lierdaProject\lierda_light\AndroidManifest.xml:28:25-66
category#android.intent.category.LAUNCHER
ADDED from lierdaProject\lierda_light\AndroidManifest.xml:30:17-77
	android:name
		ADDED from lierdaProject\lierda_light\AndroidManifest.xml:30:27-74
activity#com.android.hiparker.lierda_light.HomeActivity
ADDED from lierdaProject\lierda_light\AndroidManifest.xml:34:9-37:20
	android:screenOrientation
		ADDED from lierdaProject\lierda_light\AndroidManifest.xml:36:13-49
	android:name
		ADDED from lierdaProject\lierda_light\AndroidManifest.xml:35:13-41
activity#com.android.hiparker.lierda_light.MainActivity
ADDED from lierdaProject\lierda_light\AndroidManifest.xml:38:9-41:20
	android:label
		ADDED from lierdaProject\lierda_light\AndroidManifest.xml:40:13-45
	android:name
		ADDED from lierdaProject\lierda_light\AndroidManifest.xml:39:13-41
activity#com.android.hiparker.lierda_light.LightControlActivity
ADDED from lierdaProject\lierda_light\AndroidManifest.xml:42:9-45:20
	android:screenOrientation
		ADDED from lierdaProject\lierda_light\AndroidManifest.xml:44:13-49
	android:name
		ADDED from lierdaProject\lierda_light\AndroidManifest.xml:43:13-49
activity#com.android.hiparker.lierda_light.EditGroupActivity
ADDED from lierdaProject\lierda_light\AndroidManifest.xml:46:9-49:20
	android:screenOrientation
		ADDED from lierdaProject\lierda_light\AndroidManifest.xml:48:13-49
	android:name
		ADDED from lierdaProject\lierda_light\AndroidManifest.xml:47:13-46
activity#com.android.hiparker.lierda_light.TempActivity
ADDED from lierdaProject\lierda_light\AndroidManifest.xml:50:9-53:20
	android:screenOrientation
		ADDED from lierdaProject\lierda_light\AndroidManifest.xml:52:13-49
	android:name
		ADDED from lierdaProject\lierda_light\AndroidManifest.xml:51:13-41
activity#com.android.hiparker.lierda_light.FeatureActivity
ADDED from lierdaProject\lierda_light\AndroidManifest.xml:54:9-57:20
	android:screenOrientation
		ADDED from lierdaProject\lierda_light\AndroidManifest.xml:56:13-49
	android:name
		ADDED from lierdaProject\lierda_light\AndroidManifest.xml:55:13-44